<?xml version="1.0" encoding="UTF-8"?>
<!-- Generated by org.testng.reporters.JUnitReportReporter -->
<testsuite hostname="Sasmita" failures="0" tests="3" name="com.example.AppTest" time="76.603" errors="0" timestamp="2024-05-02T10:44:45 IST" skipped="0">
  <testcase classname="com.example.AppTest" name="testCase1" time="27.355"/>
  <testcase classname="com.example.AppTest" name="testCase2" time="29.386"/>
  <testcase classname="com.example.AppTest" name="testCase3" time="19.862"/>
</testsuite> <!-- com.example.AppTest -->
